Arguments: 
  /opt/homebrew/Cellar/node@16/16.17.0/bin/node /opt/homebrew/Cellar/yarn/1.22.18/libexec/bin/yarn.js install

PATH: 
  /usr/local/bin/google-cloud-sdk/bin:/opt/homebrew/bin:/opt/homebrew/sbin:/usr/local/bin:/usr/bin:/bin:/usr/sbin:/sbin:/Users/dmcfaul/go/bin:/opt/homebrew/opt/go/libexec/bin

Yarn version: 
  1.22.18

Node version: 
  16.17.0

Platform: 
  darwin arm64

Trace: 
  SyntaxError: /Users/dmcfaul/code/playground/doom/doom-livekit/client/package.json: Unexpected token } in JSON at position 325
      at JSON.parse (<anonymous>)
      at /opt/homebrew/Cellar/yarn/1.22.18/libexec/lib/cli.js:1625:59
      at Generator.next (<anonymous>)
      at step (/opt/homebrew/Cellar/yarn/1.22.18/libexec/lib/cli.js:310:30)
      at /opt/homebrew/Cellar/yarn/1.22.18/libexec/lib/cli.js:321:13

npm manifest: 
  {
    "scripts": {
      "sample": "rollup --watch --config rollup.config.dev.js"
    },  
    "dependencies": {
      "livekit-client": "^1.3.1"
    },
    "devDependencies": {
      "@rollup/plugin-babel": "5.3.1",
      "@rollup/plugin-commonjs": "22.0.2",
      "@rollup/plugin-json": "4.1.0",
      "@rollup/plugin-node-resolve": "13.3.0",
    }
  }

yarn manifest: 
  No manifest

Lockfile: 
  # THIS IS AN AUTOGENERATED FILE. DO NOT EDIT THIS FILE DIRECTLY.
  # yarn lockfile v1
  
  
  "@protobufjs/aspromise@^1.1.1", "@protobufjs/aspromise@^1.1.2":
    version "1.1.2"
    resolved "https://registry.yarnpkg.com/@protobufjs/aspromise/-/aspromise-1.1.2.tgz#9b8b0cc663d669a7d8f6f5d0893a14d348f30fbf"
    integrity sha512-j+gKExEuLmKwvz3OgROXtrJ2UG2x8Ch2YZUxahh+s1F2HZ+wAceUNLkvy6zKCPVRkU++ZWQrdxsUeQXmcg4uoQ==
  
  "@protobufjs/base64@^1.1.2":
    version "1.1.2"
    resolved "https://registry.yarnpkg.com/@protobufjs/base64/-/base64-1.1.2.tgz#4c85730e59b9a1f1f349047dbf24296034bb2735"
    integrity sha512-AZkcAA5vnN/v4PDqKyMR5lx7hZttPDgClv83E//FMNhR2TMcLUhfRUBHCmSl0oi9zMgDDqRUJkSxO3wm85+XLg==
  
  "@protobufjs/codegen@^2.0.4":
    version "2.0.4"
    resolved "https://registry.yarnpkg.com/@protobufjs/codegen/-/codegen-2.0.4.tgz#7ef37f0d010fb028ad1ad59722e506d9262815cb"
    integrity sha512-YyFaikqM5sH0ziFZCN3xDC7zeGaB/d0IUb9CATugHWbd1FRFwWwt4ld4OYMPWu5a3Xe01mGAULCdqhMlPl29Jg==
  
  "@protobufjs/eventemitter@^1.1.0":
    version "1.1.0"
    resolved "https://registry.yarnpkg.com/@protobufjs/eventemitter/-/eventemitter-1.1.0.tgz#355cbc98bafad5978f9ed095f397621f1d066b70"
    integrity sha512-j9ednRT81vYJ9OfVuXG6ERSTdEL1xVsNgqpkxMsbIabzSo3goCjDIveeGv5d03om39ML71RdmrGNjG5SReBP/Q==
  
  "@protobufjs/fetch@^1.1.0":
    version "1.1.0"
    resolved "https://registry.yarnpkg.com/@protobufjs/fetch/-/fetch-1.1.0.tgz#ba99fb598614af65700c1619ff06d454b0d84c45"
    integrity sha512-lljVXpqXebpsijW71PZaCYeIcE5on1w5DlQy5WH6GLbFryLUrBD4932W/E2BSpfRJWseIL4v/KPgBFxDOIdKpQ==
    dependencies:
      "@protobufjs/aspromise" "^1.1.1"
      "@protobufjs/inquire" "^1.1.0"
  
  "@protobufjs/float@^1.0.2":
    version "1.0.2"
    resolved "https://registry.yarnpkg.com/@protobufjs/float/-/float-1.0.2.tgz#5e9e1abdcb73fc0a7cb8b291df78c8cbd97b87d1"
    integrity sha512-Ddb+kVXlXst9d+R9PfTIxh1EdNkgoRe5tOX6t01f1lYWOvJnSPDBlG241QLzcyPdoNTsblLUdujGSE4RzrTZGQ==
  
  "@protobufjs/inquire@^1.1.0":
    version "1.1.0"
    resolved "https://registry.yarnpkg.com/@protobufjs/inquire/-/inquire-1.1.0.tgz#ff200e3e7cf2429e2dcafc1140828e8cc638f089"
    integrity sha512-kdSefcPdruJiFMVSbn801t4vFK7KB/5gd2fYvrxhuJYg8ILrmn9SKSX2tZdV6V+ksulWqS7aXjBcRXl3wHoD9Q==
  
  "@protobufjs/path@^1.1.2":
    version "1.1.2"
    resolved "https://registry.yarnpkg.com/@protobufjs/path/-/path-1.1.2.tgz#6cc2b20c5c9ad6ad0dccfd21ca7673d8d7fbf68d"
    integrity sha512-6JOcJ5Tm08dOHAbdR3GrvP+yUUfkjG5ePsHYczMFLq3ZmMkAD98cDgcT2iA1lJ9NVwFd4tH/iSSoe44YWkltEA==
  
  "@protobufjs/pool@^1.1.0":
    version "1.1.0"
    resolved "https://registry.yarnpkg.com/@protobufjs/pool/-/pool-1.1.0.tgz#09fd15f2d6d3abfa9b65bc366506d6ad7846ff54"
    integrity sha512-0kELaGSIDBKvcgS4zkjz1PeddatrjYcmMWOlAuAPwAeccUrPHdUqo/J6LiymHHEiJT5NrF1UVwxY14f+fy4WQw==
  
  "@protobufjs/utf8@^1.1.0":
    version "1.1.0"
    resolved "https://registry.yarnpkg.com/@protobufjs/utf8/-/utf8-1.1.0.tgz#a777360b5b39a1a2e5106f8e858f2fd2d060c570"
    integrity sha512-Vvn3zZrhQZkkBE8LSuW3em98c0FwgO4nxzv6OdSxPKJIEKY2bGbHn+mhGIPerzI4twdxaP8/0+06HBpwf345Lw==
  
  "@types/node@>=13.7.0":
    version "18.7.16"
    resolved "https://registry.yarnpkg.com/@types/node/-/node-18.7.16.tgz#0eb3cce1e37c79619943d2fd903919fc30850601"
    integrity sha512-EQHhixfu+mkqHMZl1R2Ovuvn47PUw18azMJOTwSZr9/fhzHNGXAJ0ma0dayRVchprpCj0Kc1K1xKoWaATWF1qg==
  
  async-await-queue@^1.2.1:
    version "1.2.1"
    resolved "https://registry.yarnpkg.com/async-await-queue/-/async-await-queue-1.2.1.tgz#baf459f5fbac902b060a88fee4da853fd86f2128"
    integrity sha512-v2j+/EMzAnuJZ8I4570KJMFhi6G9g3WZyFh6cPnmQSJh3nLao77XpRt01kyFegQazPSKvue1yaIYDp/NfV/b0g==
  
  events@^3.3.0:
    version "3.3.0"
    resolved "https://registry.yarnpkg.com/events/-/events-3.3.0.tgz#31a95ad0a924e2d2c419a813aeb2c4e878ea7400"
    integrity sha512-mQw+2fkQbALzQ7V0MY0IqdnXNOeTtP4r0lN9z7AAawCXgqea7bDii20AYrIBrFd/Hx0M2Ocz6S111CaFkUcb0Q==
  
  livekit-client@^1.3.1:
    version "1.3.1"
    resolved "https://registry.yarnpkg.com/livekit-client/-/livekit-client-1.3.1.tgz#f3574c5c4a5895e589f40d8df8a81486ceedd33a"
    integrity sha512-cR4viMtbJxPMI2WRUSykk4aj09gUYwBoo7Ir5ZcjOtFFHXAWXmwWFLPnpTVgjSelE/A5uTtYZtNHRYY12n0T3A==
    dependencies:
      async-await-queue "^1.2.1"
      events "^3.3.0"
      loglevel "^1.8.0"
      protobufjs "^7.0.0"
      sdp-transform "^2.14.1"
      ts-debounce "^4.0.0"
      typed-emitter "^2.1.0"
      ua-parser-js "^1.0.2"
      webrtc-adapter "^8.1.1"
  
  loglevel@^1.8.0:
    version "1.8.0"
    resolved "https://registry.yarnpkg.com/loglevel/-/loglevel-1.8.0.tgz#e7ec73a57e1e7b419cb6c6ac06bf050b67356114"
    integrity sha512-G6A/nJLRgWOuuwdNuA6koovfEV1YpqqAG4pRUlFaz3jj2QNZ8M4vBqnVA+HBTmU/AMNUtlOsMmSpF6NyOjztbA==
  
  long@^5.0.0:
    version "5.2.0"
    resolved "https://registry.yarnpkg.com/long/-/long-5.2.0.tgz#2696dadf4b4da2ce3f6f6b89186085d94d52fd61"
    integrity sha512-9RTUNjK60eJbx3uz+TEGF7fUr29ZDxR5QzXcyDpeSfeH28S9ycINflOgOlppit5U+4kNTe83KQnMEerw7GmE8w==
  
  protobufjs@^7.0.0:
    version "7.1.0"
    resolved "https://registry.yarnpkg.com/protobufjs/-/protobufjs-7.1.0.tgz#5174b5f96fad4f7dea7dd4abd594042ac360e665"
    integrity sha512-rCuxKlh0UQKSMjrpIcTLbR5TtGQ52cgs1a5nUoPBAKOccdPblN67BJtjrbtudUJK6HmBvUdsmymyYOzO7lxZEA==
    dependencies:
      "@protobufjs/aspromise" "^1.1.2"
      "@protobufjs/base64" "^1.1.2"
      "@protobufjs/codegen" "^2.0.4"
      "@protobufjs/eventemitter" "^1.1.0"
      "@protobufjs/fetch" "^1.1.0"
      "@protobufjs/float" "^1.0.2"
      "@protobufjs/inquire" "^1.1.0"
      "@protobufjs/path" "^1.1.2"
      "@protobufjs/pool" "^1.1.0"
      "@protobufjs/utf8" "^1.1.0"
      "@types/node" ">=13.7.0"
      long "^5.0.0"
  
  rxjs@^7.5.2:
    version "7.5.6"
    resolved "https://registry.yarnpkg.com/rxjs/-/rxjs-7.5.6.tgz#0446577557862afd6903517ce7cae79ecb9662bc"
    integrity sha512-dnyv2/YsXhnm461G+R/Pe5bWP41Nm6LBXEYWI6eiFP4fiwx6WRI/CD0zbdVAudd9xwLEF2IDcKXLHit0FYjUzw==
    dependencies:
      tslib "^2.1.0"
  
  sdp-transform@^2.14.1:
    version "2.14.1"
    resolved "https://registry.yarnpkg.com/sdp-transform/-/sdp-transform-2.14.1.tgz#2bb443583d478dee217df4caa284c46b870d5827"
    integrity sha512-RjZyX3nVwJyCuTo5tGPx+PZWkDMCg7oOLpSlhjDdZfwUoNqG1mM8nyj31IGHyaPWXhjbP7cdK3qZ2bmkJ1GzRw==
  
  sdp@^3.0.2:
    version "3.0.3"
    resolved "https://registry.yarnpkg.com/sdp/-/sdp-3.0.3.tgz#669958d54663ea9f4a46cc66518c9d980c52c61e"
    integrity sha512-8EkfckS+XZQaPLyChu4ey7PghrdcraCVNpJe2Gfdi2ON1ylQ7OasuKX+b37R9slnRChwIAiQgt+oj8xXGD8x+A==
  
  ts-debounce@^4.0.0:
    version "4.0.0"
    resolved "https://registry.yarnpkg.com/ts-debounce/-/ts-debounce-4.0.0.tgz#33440ef64fab53793c3d546a8ca6ae539ec15841"
    integrity sha512-+1iDGY6NmOGidq7i7xZGA4cm8DAa6fqdYcvO5Z6yBevH++Bdo9Qt/mN0TzHUgcCcKv1gmh9+W5dHqz8pMWbCbg==
  
  tslib@^2.1.0:
    version "2.4.0"
    resolved "https://registry.yarnpkg.com/tslib/-/tslib-2.4.0.tgz#7cecaa7f073ce680a05847aa77be941098f36dc3"
    integrity sha512-d6xOpEDfsi2CZVlPQzGeux8XMwLT9hssAsaPYExaQMuYskwb+x1x7J371tWlbBdWHroy99KnVB6qIkUbs5X3UQ==
  
  typed-emitter@^2.1.0:
    version "2.1.0"
    resolved "https://registry.yarnpkg.com/typed-emitter/-/typed-emitter-2.1.0.tgz#ca78e3d8ef1476f228f548d62e04e3d4d3fd77fb"
    integrity sha512-g/KzbYKbH5C2vPkaXGu8DJlHrGKHLsM25Zg9WuC9pMGfuvT+X25tZQWo5fK1BjBm8+UrVE9LDCvaY0CQk+fXDA==
    optionalDependencies:
      rxjs "^7.5.2"
  
  ua-parser-js@^1.0.2:
    version "1.0.2"
    resolved "https://registry.yarnpkg.com/ua-parser-js/-/ua-parser-js-1.0.2.tgz#e2976c34dbfb30b15d2c300b2a53eac87c57a775"
    integrity sha512-00y/AXhx0/SsnI51fTc0rLRmafiGOM4/O+ny10Ps7f+j/b8p/ZY11ytMgznXkOVo4GQ+KwQG5UQLkLGirsACRg==
  
  webrtc-adapter@^8.1.1:
    version "8.1.2"
    resolved "https://registry.yarnpkg.com/webrtc-adapter/-/webrtc-adapter-8.1.2.tgz#c20cdb747e95bd257c2e707152c1d5fb8186d927"
    integrity sha512-j1tsxKR/NmNgqrlLTL5jsNmFBrsIdTvBWZ2I1UAs/J37M1s1chLy1Fp7RfQHflHk3KoSNAxp/4y6ictHJ8prSw==
    dependencies:
      sdp "^3.0.2"
